

       ---------------------------
       --                       --
       --     Plane Wave DFT    --
       --       by  dcccc       --
       --        2021.9.9       --
       --                       --
       ---------------------------




Read input file
State number not set!
Use occupied state number!



Realspace Lattice Vector ( Bohr )
       16.000000       0.000000       0.000000
        0.000000      16.000000       0.000000
        0.000000       0.000000      16.000000


Reciprocal Lattice Vectors ( Bohr^-1 )
        0.392699       0.000000       0.000000
        0.000000       0.392699       0.000000
        0.000000       0.000000       0.392699


Structure Atom Number: 5


Atom Coordinate and Valence Electron Number:
      atom           x               y               z         valence electron num
       C        7.312017        8.101006        8.396370              4
       H        9.375976        8.101025        8.396370              1
       H        6.624043        6.323889        9.189129              1
       H        6.624043        8.303037        6.460969              1
       H        6.624024        9.676112        9.539031              1


Total Valence Electron Num           : 8
Number of occpuied state             : 4
Number of empty state                : 0


Eelectron Wavefunction Cutoff Energy :  15.00 ( Hartree )
Eelectron Density Cutoff Energy      :  60.00 ( Hartree )
Eelectron Wavefunction Cutoff Energy :  15.00 ( Hartree )
Reciprocal Grid Point Number         :   60    60    60
Wavefunction Point number            :   11363
Reciprocal Point number              :   91047


XC functional                        :
Functional ID: 101
Functional Name: gga_x_pbe
Attributes:
    Name: Perdew, Burke & Ernzerhof
    Kind: 0
  Family: 2
Citations:
   J. P. Perdew, K. Burke, and M. Ernzerhof.,  Phys. Rev. Lett. 77, 3865 (1996)
   J. P. Perdew, K. Burke, and M. Ernzerhof.,  Phys. Rev. Lett. 78, 1396 (1997)
Functional ID: 130
Functional Name: gga_c_pbe
Attributes:
    Name: Perdew, Burke & Ernzerhof
    Kind: 1
  Family: 2
Citations:
   J. P. Perdew, K. Burke, and M. Ernzerhof.,  Phys. Rev. Lett. 77, 3865 (1996)
   J. P. Perdew, K. Burke, and M. Ernzerhof.,  Phys. Rev. Lett. 78, 1396 (1997)



Start Self Consistent Field Calculation :
----------------------------------------------------------------------------------
scf:  1  Etot=-4.42069306  dEtot=-2.33447424   deval= 0.00116575     drho= 9.44519
scf:  2  Etot=-6.80316036  dEtot=-2.38246730   deval= 2.86058211     drho= 524.00565
scf:  3  Etot=-5.56621474  dEtot= 1.23694562   deval= 0.00314311     drho= 432.57516
scf:  4  Etot=-7.07228129  dEtot=-1.50606655   deval= 0.18996092     drho= 274.81600
scf:  5  Etot=-7.56867237  dEtot=-0.49639108   deval= 0.21679942     drho= 191.76284
scf:  6  Etot=-7.65535123  dEtot=-0.08667886   deval= 0.10326040     drho= 132.08843
scf:  7  Etot=-7.64971847  dEtot= 0.00563276   deval= 0.02084251     drho= 96.30642
scf:  8  Etot=-7.68858056  dEtot=-0.03886209   deval= 0.01552485     drho= 72.56965
scf:  9  Etot=-7.74468481  dEtot=-0.05610424   deval= 0.02733493     drho= 56.93583
scf: 10  Etot=-7.79968130  dEtot=-0.05499649   deval= 0.02549013     drho= 43.91956
scf: 11  Etot=-7.84095435  dEtot=-0.04127305   deval= 0.01934528     drho= 34.07362
scf: 12  Etot=-7.86743769  dEtot=-0.02648334   deval= 0.01352164     drho= 26.58888
scf: 13  Etot=-7.88443540  dEtot=-0.01699770   deval= 0.00906614     drho= 20.82734
scf: 14  Etot=-7.89573884  dEtot=-0.01130345   deval= 0.00617696     drho= 16.23569
scf: 15  Etot=-7.90360453  dEtot=-0.00786569   deval= 0.00433192     drho= 12.57193
scf: 16  Etot=-7.90839244  dEtot=-0.00478791   deval= 0.00315079     drho= 9.73243
scf: 17  Etot=-7.91185821  dEtot=-0.00346577   deval= 0.00236509     drho= 7.56395
scf: 18  Etot=-7.91454190  dEtot=-0.00268369   deval= 0.00190644     drho= 5.89102
scf: 19  Etot=-7.91686931  dEtot=-0.00232742   deval= 0.00155822     drho= 4.59589
scf: 20  Etot=-7.91866350  dEtot=-0.00179418   deval= 0.00127581     drho= 3.60534
scf: 21  Etot=-7.92016069  dEtot=-0.00149719   deval= 0.00101685     drho= 2.83779
scf: 22  Etot=-7.92127111  dEtot=-0.00111042   deval= 0.00080495     drho= 2.24431
scf: 23  Etot=-7.92212809  dEtot=-0.00085698   deval= 0.00061926     drho= 1.78105
scf: 24  Etot=-7.92273202  dEtot=-0.00060393   deval= 0.00047364     drho= 1.41785
scf: 25  Etot=-7.92316759  dEtot=-0.00043557   deval= 0.00035564     drho= 1.13026
scf: 26  Etot=-7.92345740  dEtot=-0.00028981   deval= 0.00026728     drho= 0.90213
scf: 27  Etot=-7.92365939  dEtot=-0.00020199   deval= 0.00019981     drho= 0.72011
scf: 28  Etot=-7.92378930  dEtot=-0.00012991   deval= 0.00015115     drho= 0.57499
scf: 29  Etot=-7.92388017  dEtot=-0.00009087   deval= 0.00011484     drho= 0.45900
scf: 30  Etot=-7.92393960  dEtot=-0.00005942   deval= 0.00008879     drho= 0.36656
scf: 31  Etot=-7.92398378  dEtot=-0.00004418   deval= 0.00006912     drho= 0.29269
scf: 32  Etot=-7.92401470  dEtot=-0.00003093   deval= 0.00005453     drho= 0.23381
scf: 33  Etot=-7.92403902  dEtot=-0.00002431   deval= 0.00004303     drho= 0.18673
scf: 34  Etot=-7.92405644  dEtot=-0.00001742   deval= 0.00003411     drho= 0.14919
scf: 35  Etot=-7.92406995  dEtot=-0.00001351   deval= 0.00002688     drho= 0.11916
scf: 36  Etot=-7.92407940  dEtot=-0.00000945   deval= 0.00002120     drho= 0.09519
scf: 37  Etot=-7.92408641  dEtot=-0.00000701   deval= 0.00001663     drho= 0.07603
scf: 38  Etot=-7.92409113  dEtot=-0.00000471   deval= 0.00001306     drho= 0.06073
scf: 39  Etot=-7.92409447  dEtot=-0.00000334   deval= 0.00001023     drho= 0.04850
scf: 40  Etot=-7.92409663  dEtot=-0.00000217   deval= 0.00000804     drho= 0.03874
scf: 41  Etot=-7.92409812  dEtot=-0.00000149   deval= 0.00000632     drho= 0.03094
scf: 42  Etot=-7.92409908  dEtot=-0.00000095   deval= 0.00000499     drho= 0.02471
scf: 43  Etot=-7.92409973  dEtot=-0.00000065   deval= 0.00000394     drho= 0.01973
scf: 44  Etot=-7.92410015  dEtot=-0.00000042   deval= 0.00000312     drho= 0.01576
scf: 45  Etot=-7.92410045  dEtot=-0.00000030   deval= 0.00000248     drho= 0.01259
scf: 46  Etot=-7.92410065  dEtot=-0.00000020   deval= 0.00000197     drho= 0.01006
scf: 47  Etot=-7.92410078  dEtot=-0.00000014   deval= 0.00000157     drho= 0.00804
scf: 48  Etot=-7.92410087  dEtot=-0.00000009   deval= 0.00000125     drho= 0.00642
scf: 49  Etot=-7.92410093  dEtot=-0.00000006   deval= 0.00000099     drho= 0.00513
scf: 50  Etot=-7.92410096  dEtot=-0.00000003   deval= 0.00000079     drho= 0.00410
scf: 51  Etot=-7.92410098  dEtot=-0.00000002   deval= 0.00000063     drho= 0.00328
scf: 52  Etot=-7.92410099  dEtot=-0.00000001   deval= 0.00000050     drho= 0.00262
scf: 53  Etot=-7.92410099  dEtot=-0.00000000   deval= 0.00000040     drho= 0.00210
scf: 54  Etot=-7.92410099  dEtot= 0.00000000   deval= 0.00000032     drho= 0.00168
scf: 55  Etot=-7.92410099  dEtot= 0.00000000   deval= 0.00000025     drho= 0.00134
scf: 56  Etot=-7.92410098  dEtot= 0.00000001   deval= 0.00000020     drho= 0.00107
scf: 57  Etot=-7.92410097  dEtot= 0.00000001   deval= 0.00000016     drho= 0.00086
scf: 58  Etot=-7.92410097  dEtot= 0.00000001   deval= 0.00000013     drho= 0.00069
scf: 59  Etot=-7.92410096  dEtot= 0.00000000   deval= 0.00000010     drho= 0.00055
scf: 60  Etot=-7.92410096  dEtot= 0.00000000   deval= 0.00000008     drho= 0.00044
SCF calculation converageed!


State and Eigenvalue             :
  state num      eigenvalue energy       occupation num
      1             -0.616292                1.0
      2             -0.334921                1.0
      3             -0.334906                1.0
      4             -0.334876                1.0


E_kinectic  =    6.24536101 (Hatree)
E_xc        =   -3.15073670 (Hatree)
E_hf        =    0.00000000 (Hatree)
E_hatree    =    9.53641418 (Hatree)
E_loc       =  -24.97805469 (Hatree)
E_nloc      =    0.49518407 (Hatree)
E_pspcore   =   -0.00009580 (Hatree)
E_NN        =    3.92782698 (Hatree)
E_total     =   -7.92410096 (Hatree)