

       ---------------------------      
       --                       --      
       --     Plane Wave DFT    --      
       --       by  dcccc       --      
       --        2021.9.9       --      
       --                       --      
       ---------------------------      




Read input file
State number not set!
Use occupied state number!



Realspace Lattice Vector ( Bohr )
       16.000000       0.000000       0.000000
        0.000000      16.000000       0.000000
        0.000000       0.000000      16.000000


Reciprocal Lattice Vectors ( Bohr^-1 )
        0.392699       0.000000       0.000000
        0.000000       0.392699       0.000000
        0.000000       0.000000       0.392699


Structure Atom Number: 2


Atom Coordinate and Valence Electron Nummber:
      atom           x               y               z         valence electron num
       H        7.250000        8.000000        8.000000              1
       H        8.750000        8.000000        8.000000              1


Total Valence Electron Num           : 2 
Number of occpuied state             : 1 
Number of empty state                : 0 


Eelectron Wavefunction Cutoff Energy :  15.00 ( Hatree )
Eelectron Density Cutoff Energy      :  60.00 ( Hatree )
Eelectron Wavefunction Cutoff Energy :  15.00 ( Hatree )
Reciprocal Grid Point Number         :   60    60    60
Wavefunction Point number            :   11363            
Reciprocal Point number              :   91047             


XC functional                        :
Functional ID: 101
Functional Name: gga_x_pbe
Attributes:
    Name: Perdew, Burke & Ernzerhof
    Kind: 0
  Family: 2
Citations:
   J. P. Perdew, K. Burke, and M. Ernzerhof.,  Phys. Rev. Lett. 77, 3865 (1996)
   J. P. Perdew, K. Burke, and M. Ernzerhof.,  Phys. Rev. Lett. 78, 1396 (1997)
Functional ID: 130
Functional Name: gga_c_pbe
Attributes:
    Name: Perdew, Burke & Ernzerhof
    Kind: 1
  Family: 2
Citations:
   J. P. Perdew, K. Burke, and M. Ernzerhof.,  Phys. Rev. Lett. 77, 3865 (1996)
   J. P. Perdew, K. Burke, and M. Ernzerhof.,  Phys. Rev. Lett. 78, 1396 (1997)



Start Self Consistent Field Calculation : 
----------------------------------------------------------------------------------
scf:  1  Etot=-1.08729779  dEtot= 0.48315304   deval= 0.00037665     drho= 0.56446
scf:  2  Etot=-1.24450563  dEtot=-0.15720784   deval= 0.75879917     drho= 23.91811
scf:  3  Etot=-1.22527016  dEtot= 0.01923547   deval= 0.01979640     drho= 19.48537
scf:  4  Etot=-1.20928218  dEtot= 0.01598798   deval= 0.01673627     drho= 15.59624
scf:  5  Etot=-1.19598607  dEtot= 0.01329611   deval= 0.01335558     drho= 12.33136
scf:  6  Etot=-1.18488644  dEtot= 0.01109963   deval= 0.01053622     drho= 9.52305
scf:  7  Etot=-1.17617536  dEtot= 0.00871109   deval= 0.00817335     drho= 7.33274
scf:  8  Etot=-1.16889128  dEtot= 0.00728408   deval= 0.00631238     drho= 5.47756
scf:  9  Etot=-1.16345471  dEtot= 0.00543656   deval= 0.00474985     drho= 4.10707
scf: 10  Etot=-1.15894249  dEtot= 0.00451223   deval= 0.00357839     drho= 2.96654
scf: 11  Etot=-1.15571348  dEtot= 0.00322901   deval= 0.00260637     drho= 2.15824
scf: 12  Etot=-1.15305682  dEtot= 0.00265666   deval= 0.00190654     drho= 1.49487
scf: 13  Etot=-1.15123554  dEtot= 0.00182128   deval= 0.00133293     drho= 1.04451
scf: 14  Etot=-1.14975147  dEtot= 0.00148407   deval= 0.00093647     drho= 0.68071
scf: 15  Etot=-1.14878557  dEtot= 0.00096590   deval= 0.00061543     drho= 0.44770
scf: 16  Etot=-1.14800753  dEtot= 0.00077804   deval= 0.00040415     drho= 0.26428
scf: 17  Etot=-1.14753655  dEtot= 0.00047098   deval= 0.00023531     drho= 0.16060
scf: 18  Etot=-1.14716310  dEtot= 0.00037345   deval= 0.00013147     drho= 0.10717
scf: 19  Etot=-1.14696289  dEtot= 0.00020022   deval= 0.00004990     drho= 0.09014
scf: 20  Etot=-1.14680844  dEtot= 0.00015445   deval= 0.00000502     drho= 0.08766
scf: 21  Etot=-1.14674617  dEtot= 0.00006227   deval= 0.00002923     drho= 0.08425
scf: 22  Etot=-1.14670185  dEtot= 0.00004432   deval= 0.00004392     drho= 0.08499
scf: 23  Etot=-1.14670285  dEtot=-0.00000101   deval= 0.00005427     drho= 0.07994
scf: 24  Etot=-1.14670807  dEtot=-0.00000522   deval= 0.00005495     drho= 0.07561
scf: 25  Etot=-1.14673293  dEtot=-0.00002486   deval= 0.00005445     drho= 0.06729
scf: 26  Etot=-1.14675607  dEtot=-0.00002314   deval= 0.00004970     drho= 0.05998
scf: 27  Etot=-1.14678566  dEtot=-0.00002960   deval= 0.00004518     drho= 0.05144
scf: 28  Etot=-1.14681161  dEtot=-0.00002594   deval= 0.00003919     drho= 0.04415
scf: 29  Etot=-1.14683789  dEtot=-0.00002628   deval= 0.00003392     drho= 0.03693
scf: 30  Etot=-1.14686043  dEtot=-0.00002254   deval= 0.00002850     drho= 0.03086
scf: 31  Etot=-1.14688092  dEtot=-0.00002049   deval= 0.00002385     drho= 0.02534
scf: 32  Etot=-1.14689829  dEtot=-0.00001737   deval= 0.00001958     drho= 0.02073
scf: 33  Etot=-1.14691306  dEtot=-0.00001478   deval= 0.00001596     drho= 0.01678
scf: 34  Etot=-1.14692548  dEtot=-0.00001241   deval= 0.00001286     drho= 0.01350
scf: 35  Etot=-1.14693555  dEtot=-0.00001007   deval= 0.00001025     drho= 0.01080
scf: 36  Etot=-1.14694394  dEtot=-0.00000839   deval= 0.00000812     drho= 0.00858
scf: 37  Etot=-1.14695050  dEtot=-0.00000656   deval= 0.00000635     drho= 0.00680
scf: 38  Etot=-1.14695592  dEtot=-0.00000542   deval= 0.00000495     drho= 0.00537
scf: 39  Etot=-1.14696003  dEtot=-0.00000411   deval= 0.00000380     drho= 0.00426
scf: 40  Etot=-1.14696340  dEtot=-0.00000336   deval= 0.00000292     drho= 0.00337
scf: 41  Etot=-1.14696587  dEtot=-0.00000248   deval= 0.00000220     drho= 0.00268
scf: 42  Etot=-1.14696788  dEtot=-0.00000201   deval= 0.00000167     drho= 0.00212
scf: 43  Etot=-1.14696932  dEtot=-0.00000144   deval= 0.00000123     drho= 0.00169
scf: 44  Etot=-1.14697048  dEtot=-0.00000116   deval= 0.00000092     drho= 0.00135
scf: 45  Etot=-1.14697129  dEtot=-0.00000081   deval= 0.00000067     drho= 0.00109
scf: 46  Etot=-1.14697193  dEtot=-0.00000064   deval= 0.00000049     drho= 0.00087
scf: 47  Etot=-1.14697236  dEtot=-0.00000043   deval= 0.00000035     drho= 0.00070
scf: 48  Etot=-1.14697270  dEtot=-0.00000034   deval= 0.00000025     drho= 0.00057
scf: 49  Etot=-1.14697292  dEtot=-0.00000022   deval= 0.00000017     drho= 0.00046
scf: 50  Etot=-1.14697310  dEtot=-0.00000017   deval= 0.00000012     drho= 0.00037
scf: 51  Etot=-1.14697320  dEtot=-0.00000011   deval= 0.00000008     drho= 0.00030
scf: 52  Etot=-1.14697328  dEtot=-0.00000008   deval= 0.00000006     drho= 0.00025
scf: 53  Etot=-1.14697333  dEtot=-0.00000005   deval= 0.00000004     drho= 0.00020
scf: 54  Etot=-1.14697337  dEtot=-0.00000003   deval= 0.00000003     drho= 0.00016
scf: 55  Etot=-1.14697338  dEtot=-0.00000002   deval= 0.00000002     drho= 0.00013
scf: 56  Etot=-1.14697340  dEtot=-0.00000001   deval= 0.00000001     drho= 0.00011
scf: 57  Etot=-1.14697340  dEtot=-0.00000001   deval= 0.00000001     drho= 0.00009
SCF calculation converageed!


State and Eigenvalue             :   
  state num      eigenvalue energy       occupation num
      1             -0.366276                1.0


E_kinectic  =    1.03942042 (Hatree)
E_xc        =   -0.66690752 (Hatree)
E_hatree    =    0.91719497 (Hatree)
E_loc       =   -2.74984994 (Hatree)
E_nloc      =    0.00000000 (Hatree)
E_pspcore   =   -0.00000133 (Hatree)
E_NN        =    0.31317000 (Hatree)
E_total     =   -1.14697340 (Hatree)
