

       ---------------------------
       --                       --
       --     Plane Wave DFT    --
       --       by  dcccc       --
       --        2021.9.9       --
       --                       --
       ---------------------------




Read input file
State number not set!
Use occupied state number!



Realspace Lattice Vector ( Bohr )
       16.000000       0.000000       0.000000
        0.000000      16.000000       0.000000
        0.000000       0.000000      16.000000


Reciprocal Lattice Vectors ( Bohr^-1 )
        0.392699       0.000000       0.000000
        0.000000       0.392699       0.000000
        0.000000       0.000000       0.392699


Structure Atom Number: 2


Atom Coordinate and Valence Electron Number:
      atom           x               y               z         valence electron num
       H        7.250000        8.000000        8.000000              1
       H        8.750000        8.000000        8.000000              1


Total Valence Electron Num           : 2
Number of occpuied state             : 1
Number of empty state                : 0


Eelectron Wavefunction Cutoff Energy :  15.00 ( Hartree )
Eelectron Density Cutoff Energy      :  60.00 ( Hartree )
Eelectron Wavefunction Cutoff Energy :  15.00 ( Hartree )
Reciprocal Grid Point Number         :   60    60    60
Wavefunction Point number            :   11363
Reciprocal Point number              :   91047


XC functional                        :
Functional ID: 497
Functional Name: mgga_x_r2scan
Attributes:
    Name: Re-regularized SCAN exchange by Furness et al
    Kind: 0
  Family: 4
Citations:
   J. W. Furness, A. D. Kaplan, J. Ning, J. P. Perdew, and J. Sun.,  J. Phys. Chem. Lett. 11, 8208-8215 (2020)
   J. W. Furness, A. D. Kaplan, J. Ning, J. P. Perdew, and J. Sun.,  J. Phys. Chem. Lett. 11, 9248-9248 (2020)
Functional ID: 498
Functional Name: mgga_c_r2scan
Attributes:
    Name: Re-regularized SCAN correlation by Furness et al
    Kind: 1
  Family: 4
Citations:
   J. W. Furness, A. D. Kaplan, J. Ning, J. P. Perdew, and J. Sun.,  J. Phys. Chem. Lett. 11, 8208-8215 (2020)
   J. W. Furness, A. D. Kaplan, J. Ning, J. P. Perdew, and J. Sun.,  J. Phys. Chem. Lett. 11, 9248-9248 (2020)



HF, or xc functionals is MGGA or hybrid functional, using the pbe fuctional results wavefuntion as the initial guess
Start PBE Self Consistent Field Calculation :
scf:  1  Etot=-0.60790083  dEtot= 0.15100182   deval= 1.06031080     drho= 146.41763
scf:  2  Etot=-0.54068201  dEtot= 0.06721883   deval= 0.02768565     drho= 120.45794
scf:  3  Etot=-0.61964566  dEtot=-0.07896366   deval= 0.08944445     drho= 96.16913
scf:  4  Etot=-0.72877005  dEtot=-0.10912439   deval= 0.12664791     drho= 76.21716
scf:  5  Etot=-0.83079463  dEtot=-0.10202459   deval= 0.10998187     drho= 60.18249
scf:  6  Etot=-0.91393441  dEtot=-0.08313978   deval= 0.08739644     drho= 47.52143
scf:  7  Etot=-0.97779575  dEtot=-0.06386134   deval= 0.06696090     drho= 37.55336
scf:  8  Etot=-1.02541638  dEtot=-0.04762063   deval= 0.05035014     drho= 29.70998
scf:  9  Etot=-1.06014680  dEtot=-0.03473042   deval= 0.03744485     drho= 23.52529
scf: 10  Etot=-1.08540084  dEtot=-0.02525404   deval= 0.02767821     drho= 18.66092
scf: 11  Etot=-1.10338250  dEtot=-0.01798167   deval= 0.02029910     drho= 14.90514
scf: 12  Etot=-1.11616346  dEtot=-0.01278096   deval= 0.01485966     drho= 12.07948
scf: 13  Etot=-1.12520643  dEtot=-0.00904297   deval= 0.01087090     drho= 9.86729
scf: 14  Etot=-1.13159080  dEtot=-0.00638437   deval= 0.00795379     drho= 8.09295
scf: 15  Etot=-1.13608986  dEtot=-0.00449906   deval= 0.00582752     drho= 6.64077
scf: 16  Etot=-1.13925829  dEtot=-0.00316843   deval= 0.00427921     drho= 5.44166
scf: 17  Etot=-1.14149074  dEtot=-0.00223245   deval= 0.00315162     drho= 4.45212
scf: 18  Etot=-1.14306622  dEtot=-0.00157548   deval= 0.00232943     drho= 3.63298
scf: 19  Etot=-1.14418023  dEtot=-0.00111400   deval= 0.00172858     drho= 2.95766
scf: 20  Etot=-1.14496964  dEtot=-0.00078942   deval= 0.00128809     drho= 2.40350
scf: 21  Etot=-1.14553027  dEtot=-0.00056063   deval= 0.00096407     drho= 1.94983
scf: 22  Etot=-1.14592931  dEtot=-0.00039904   deval= 0.00072476     drho= 1.57910
scf: 23  Etot=-1.14621414  dEtot=-0.00028483   deval= 0.00054734     drho= 1.27700
scf: 24  Etot=-1.14641808  dEtot=-0.00020394   deval= 0.00041526     drho= 1.03132
scf: 25  Etot=-1.14656510  dEtot=-0.00014701   deval= 0.00031647     drho= 0.83201
scf: 26  Etot=-1.14667163  dEtot=-0.00010654   deval= 0.00024227     drho= 0.67059
scf: 27  Etot=-1.14674919  dEtot=-0.00007755   deval= 0.00018620     drho= 0.54005
scf: 28  Etot=-1.14680595  dEtot=-0.00005676   deval= 0.00014365     drho= 0.43463
scf: 29  Etot=-1.14684763  dEtot=-0.00004168   deval= 0.00011122     drho= 0.34958
scf: 30  Etot=-1.14687838  dEtot=-0.00003075   deval= 0.00008639     drho= 0.28102
scf: 31  Etot=-1.14690115  dEtot=-0.00002277   deval= 0.00006733     drho= 0.22581
scf: 32  Etot=-1.14691808  dEtot=-0.00001693   deval= 0.00005263     drho= 0.18137
scf: 33  Etot=-1.14693076  dEtot=-0.00001268   deval= 0.00004127     drho= 0.14563
scf: 34  Etot=-1.14694031  dEtot=-0.00000955   deval= 0.00003246     drho= 0.11690
scf: 35  Etot=-1.14694755  dEtot=-0.00000724   deval= 0.00002560     drho= 0.09382
scf: 36  Etot=-1.14695309  dEtot=-0.00000554   deval= 0.00002025     drho= 0.07528
scf: 37  Etot=-1.14695736  dEtot=-0.00000426   deval= 0.00001605     drho= 0.06039
scf: 38  Etot=-1.14696066  dEtot=-0.00000331   deval= 0.00001275     drho= 0.04845
scf: 39  Etot=-1.14696325  dEtot=-0.00000259   deval= 0.00001015     drho= 0.03887
scf: 40  Etot=-1.14696529  dEtot=-0.00000204   deval= 0.00000810     drho= 0.03118
scf: 41  Etot=-1.14696690  dEtot=-0.00000161   deval= 0.00000646     drho= 0.02501
scf: 42  Etot=-1.14696818  dEtot=-0.00000128   deval= 0.00000517     drho= 0.02006
scf: 43  Etot=-1.14696921  dEtot=-0.00000102   deval= 0.00000414     drho= 0.01610
scf: 44  Etot=-1.14697002  dEtot=-0.00000082   deval= 0.00000331     drho= 0.01291
scf: 45  Etot=-1.14697068  dEtot=-0.00000066   deval= 0.00000266     drho= 0.01036
scf: 46  Etot=-1.14697121  dEtot=-0.00000053   deval= 0.00000213     drho= 0.00832
scf: 47  Etot=-1.14697163  dEtot=-0.00000043   deval= 0.00000171     drho= 0.00667
scf: 48  Etot=-1.14697198  dEtot=-0.00000034   deval= 0.00000137     drho= 0.00536
scf: 49  Etot=-1.14697225  dEtot=-0.00000028   deval= 0.00000110     drho= 0.00430
scf: 50  Etot=-1.14697248  dEtot=-0.00000022   deval= 0.00000089     drho= 0.00345
scf: 51  Etot=-1.14697266  dEtot=-0.00000018   deval= 0.00000071     drho= 0.00277
scf: 52  Etot=-1.14697280  dEtot=-0.00000015   deval= 0.00000057     drho= 0.00223
scf: 53  Etot=-1.14697292  dEtot=-0.00000012   deval= 0.00000046     drho= 0.00179
scf: 54  Etot=-1.14697301  dEtot=-0.00000009   deval= 0.00000037     drho= 0.00144
scf: 55  Etot=-1.14697309  dEtot=-0.00000008   deval= 0.00000030     drho= 0.00115
scf: 56  Etot=-1.14697315  dEtot=-0.00000006   deval= 0.00000024     drho= 0.00093
scf: 57  Etot=-1.14697320  dEtot=-0.00000005   deval= 0.00000019     drho= 0.00074
scf: 58  Etot=-1.14697324  dEtot=-0.00000004   deval= 0.00000015     drho= 0.00060
scf: 59  Etot=-1.14697327  dEtot=-0.00000003   deval= 0.00000012     drho= 0.00048
scf: 60  Etot=-1.14697330  dEtot=-0.00000003   deval= 0.00000010     drho= 0.00039



Start Self Consistent Field Calculation :
----------------------------------------------------------------------------------
scf:  1  Etot=-1.15105287  dEtot=-0.00172059   deval= 0.00001456     drho= 0.09163
scf:  2  Etot=-1.15279587  dEtot=-0.00174300   deval= 0.00176374     drho= 0.26134
scf:  3  Etot=-1.15243259  dEtot= 0.00036329   deval= 0.00008264     drho= 0.19447
scf:  4  Etot=-1.15215202  dEtot= 0.00028056   deval= 0.00020655     drho= 0.14383
scf:  5  Etot=-1.15192642  dEtot= 0.00022560   deval= 0.00016179     drho= 0.10412
scf:  6  Etot=-1.15175916  dEtot= 0.00016726   deval= 0.00011739     drho= 0.07562
scf:  7  Etot=-1.15164334  dEtot= 0.00011582   deval= 0.00008417     drho= 0.05561
scf:  8  Etot=-1.15155576  dEtot= 0.00008758   deval= 0.00006051     drho= 0.04066
scf:  9  Etot=-1.15149602  dEtot= 0.00005975   deval= 0.00004332     drho= 0.03024
scf: 10  Etot=-1.15145022  dEtot= 0.00004579   deval= 0.00003094     drho= 0.02230
scf: 11  Etot=-1.15141874  dEtot= 0.00003148   deval= 0.00002226     drho= 0.01669
scf: 12  Etot=-1.15139517  dEtot= 0.00002357   deval= 0.00001573     drho= 0.01246
scf: 13  Etot=-1.15137853  dEtot= 0.00001665   deval= 0.00001126     drho= 0.00939
scf: 14  Etot=-1.15136646  dEtot= 0.00001207   deval= 0.00000791     drho= 0.00717
scf: 15  Etot=-1.15135779  dEtot= 0.00000867   deval= 0.00000557     drho= 0.00559
scf: 16  Etot=-1.15135165  dEtot= 0.00000615   deval= 0.00000388     drho= 0.00442
scf: 17  Etot=-1.15134724  dEtot= 0.00000441   deval= 0.00000268     drho= 0.00351
scf: 18  Etot=-1.15134415  dEtot= 0.00000309   deval= 0.00000183     drho= 0.00281
scf: 19  Etot=-1.15134196  dEtot= 0.00000219   deval= 0.00000123     drho= 0.00226
scf: 20  Etot=-1.15134044  dEtot= 0.00000152   deval= 0.00000081     drho= 0.00183
scf: 21  Etot=-1.15133939  dEtot= 0.00000105   deval= 0.00000052     drho= 0.00147
scf: 22  Etot=-1.15133867  dEtot= 0.00000072   deval= 0.00000032     drho= 0.00119
scf: 23  Etot=-1.15133819  dEtot= 0.00000048   deval= 0.00000019     drho= 0.00096
scf: 24  Etot=-1.15133787  dEtot= 0.00000032   deval= 0.00000010     drho= 0.00077
scf: 25  Etot=-1.15133766  dEtot= 0.00000020   deval= 0.00000004     drho= 0.00062
scf: 26  Etot=-1.15133754  dEtot= 0.00000012   deval= 0.00000000     drho= 0.00050
scf: 27  Etot=-1.15133747  dEtot= 0.00000007   deval= 0.00000002     drho= 0.00041
SCF calculation converageed!


State and Eigenvalue             :
  state num      eigenvalue energy       occupation num
      1             -0.382812                1.0


E_kinectic  =    1.03958795 (Hatree)
E_xc        =   -0.67265665 (Hatree)
E_hf        =    0.00000000 (Hatree)
E_hatree    =    0.92070755 (Hatree)
E_loc       =   -2.75214499 (Hatree)
E_nloc      =    0.00000000 (Hatree)
E_pspcore   =   -0.00000133 (Hatree)
E_NN        =    0.31317000 (Hatree)
E_total     =   -1.15133747 (Hatree)