

       ---------------------------
       --                       --
       --     Plane Wave DFT    --
       --       by  dcccc       --
       --        2021.9.9       --
       --                       --
       ---------------------------




Read input file
State number not set!
Use occupied state number!



Realspace Lattice Vector ( Bohr )
       16.000000       0.000000       0.000000
        0.000000      16.000000       0.000000
        0.000000       0.000000      16.000000


Reciprocal Lattice Vectors ( Bohr^-1 )
        0.392699       0.000000       0.000000
        0.000000       0.392699       0.000000
        0.000000       0.000000       0.392699


Structure Atom Number: 2


Atom Coordinate and Valence Electron Number:
      atom           x               y               z         valence electron num
       N       -1.181079        0.000000        0.000000              5
       N        1.181079        0.000000        0.000000              5


Total Valence Electron Num           : 10
Number of occpuied state             : 5
Number of empty state                : 0


Eelectron Wavefunction Cutoff Energy :  15.00 ( Hartree )
Eelectron Density Cutoff Energy      :  60.00 ( Hartree )
Eelectron Wavefunction Cutoff Energy :  15.00 ( Hartree )
Reciprocal Grid Point Number         :   60    60    60
Wavefunction Point number            :   11363
Reciprocal Point number              :   91047


XC functional                        :
Functional ID: 498
Functional Name: mgga_c_r2scan
Attributes:
    Name: Re-regularized SCAN correlation by Furness et al
    Kind: 1
  Family: 4
Citations:
   J. W. Furness, A. D. Kaplan, J. Ning, J. P. Perdew, and J. Sun.,  J. Phys. Chem. Lett. 11, 8208-8215 (2020)
   J. W. Furness, A. D. Kaplan, J. Ning, J. P. Perdew, and J. Sun.,  J. Phys. Chem. Lett. 11, 9248-9248 (2020)
Functional ID: 497
Functional Name: mgga_x_r2scan
Attributes:
    Name: Re-regularized SCAN exchange by Furness et al
    Kind: 0
  Family: 4
Citations:
   J. W. Furness, A. D. Kaplan, J. Ning, J. P. Perdew, and J. Sun.,  J. Phys. Chem. Lett. 11, 8208-8215 (2020)
   J. W. Furness, A. D. Kaplan, J. Ning, J. P. Perdew, and J. Sun.,  J. Phys. Chem. Lett. 11, 9248-9248 (2020)



HF, or xc functionals is MGGA or hybrid functional, using the pbe fuctional results wavefuntion as the initial guess
Start PBE Self Consistent Field Calculation :
scf:  1  Etot=-17.72028225  dEtot=-2.82566751   deval= 0.00025588     drho= 0.13406
scf:  2  Etot=-19.10761672  dEtot=-1.38733448   deval= 2.80430678     drho= 404.47217
scf:  3  Etot=-18.43189811  dEtot= 0.67571861   deval= 0.00005716     drho= 324.42978
scf:  4  Etot=-19.27540946  dEtot=-0.84351135   deval= 0.25410464     drho= 138.87565
scf:  5  Etot=-18.93473883  dEtot= 0.34067062   deval= 0.23343495     drho= 84.38414
scf:  6  Etot=-18.90804273  dEtot= 0.02669611   deval= 0.02338092     drho= 64.01934
scf:  7  Etot=-18.96944303  dEtot=-0.06140030   deval= 0.02836400     drho= 50.80003
scf:  8  Etot=-19.02619794  dEtot=-0.05675492   deval= 0.02809063     drho= 40.81394
scf:  9  Etot=-19.06259600  dEtot=-0.03639805   deval= 0.02065150     drho= 33.03036
scf: 10  Etot=-19.08408890  dEtot=-0.02149290   deval= 0.01408520     drho= 26.67368
scf: 11  Etot=-19.09971955  dEtot=-0.01563065   deval= 0.00965101     drho= 21.54395
scf: 12  Etot=-19.10958656  dEtot=-0.00986701   deval= 0.00683485     drho= 17.34577
scf: 13  Etot=-19.11599434  dEtot=-0.00640778   deval= 0.00475667     drho= 13.92365
scf: 14  Etot=-19.11982666  dEtot=-0.00383231   deval= 0.00335967     drho= 11.13250
scf: 15  Etot=-19.12214754  dEtot=-0.00232088   deval= 0.00240131     drho= 8.86075
scf: 16  Etot=-19.12354216  dEtot=-0.00139462   deval= 0.00176820     drho= 7.02668
scf: 17  Etot=-19.12437870  dEtot=-0.00083654   deval= 0.00134316     drho= 5.55234
scf: 18  Etot=-19.12498220  dEtot=-0.00060351   deval= 0.00105235     drho= 4.38231
scf: 19  Etot=-19.12546608  dEtot=-0.00048388   deval= 0.00085136     drho= 3.45990
scf: 20  Etot=-19.12591565  dEtot=-0.00044957   deval= 0.00069830     drho= 2.73350
scf: 21  Etot=-19.12632345  dEtot=-0.00040780   deval= 0.00057741     drho= 2.16577
scf: 22  Etot=-19.12669407  dEtot=-0.00037062   deval= 0.00047456     drho= 1.71634
scf: 23  Etot=-19.12701314  dEtot=-0.00031907   deval= 0.00038816     drho= 1.36441
scf: 24  Etot=-19.12729120  dEtot=-0.00027805   deval= 0.00031450     drho= 1.08530
scf: 25  Etot=-19.12751602  dEtot=-0.00022482   deval= 0.00025364     drho= 0.86523
scf: 26  Etot=-19.12770532  dEtot=-0.00018930   deval= 0.00020259     drho= 0.69054
scf: 27  Etot=-19.12785107  dEtot=-0.00014574   deval= 0.00016172     drho= 0.55182
scf: 28  Etot=-19.12797050  dEtot=-0.00011944   deval= 0.00012800     drho= 0.44156
scf: 29  Etot=-19.12806112  dEtot=-0.00009062   deval= 0.00010175     drho= 0.35361
scf: 30  Etot=-19.12813442  dEtot=-0.00007330   deval= 0.00008039     drho= 0.28343
scf: 31  Etot=-19.12819033  dEtot=-0.00005590   deval= 0.00006392     drho= 0.22713
scf: 32  Etot=-19.12823523  dEtot=-0.00004490   deval= 0.00005060     drho= 0.18206
scf: 33  Etot=-19.12826981  dEtot=-0.00003458   deval= 0.00004030     drho= 0.14591
scf: 34  Etot=-19.12829752  dEtot=-0.00002771   deval= 0.00003199     drho= 0.11711
scf: 35  Etot=-19.12831915  dEtot=-0.00002163   deval= 0.00002554     drho= 0.09415
scf: 36  Etot=-19.12833657  dEtot=-0.00001742   deval= 0.00002033     drho= 0.07586
scf: 37  Etot=-19.12835038  dEtot=-0.00001382   deval= 0.00001626     drho= 0.06122
scf: 38  Etot=-19.12836141  dEtot=-0.00001103   deval= 0.00001296     drho= 0.04946
scf: 39  Etot=-19.12837026  dEtot=-0.00000885   deval= 0.00001036     drho= 0.03996
scf: 40  Etot=-19.12837721  dEtot=-0.00000695   deval= 0.00000826     drho= 0.03226
scf: 41  Etot=-19.12838284  dEtot=-0.00000563   deval= 0.00000659     drho= 0.02604
scf: 42  Etot=-19.12838718  dEtot=-0.00000434   deval= 0.00000526     drho= 0.02104
scf: 43  Etot=-19.12839076  dEtot=-0.00000358   deval= 0.00000420     drho= 0.01707
scf: 44  Etot=-19.12839346  dEtot=-0.00000271   deval= 0.00000335     drho= 0.01391
scf: 45  Etot=-19.12839574  dEtot=-0.00000228   deval= 0.00000267     drho= 0.01139
scf: 46  Etot=-19.12839743  dEtot=-0.00000169   deval= 0.00000213     drho= 0.00933
scf: 47  Etot=-19.12839887  dEtot=-0.00000144   deval= 0.00000170     drho= 0.00764
scf: 48  Etot=-19.12839992  dEtot=-0.00000105   deval= 0.00000136     drho= 0.00624
scf: 49  Etot=-19.12840083  dEtot=-0.00000091   deval= 0.00000108     drho= 0.00509
scf: 50  Etot=-19.12840148  dEtot=-0.00000065   deval= 0.00000086     drho= 0.00415
scf: 51  Etot=-19.12840206  dEtot=-0.00000058   deval= 0.00000069     drho= 0.00340
scf: 52  Etot=-19.12840246  dEtot=-0.00000040   deval= 0.00000055     drho= 0.00279
scf: 53  Etot=-19.12840283  dEtot=-0.00000037   deval= 0.00000044     drho= 0.00231
scf: 54  Etot=-19.12840308  dEtot=-0.00000025   deval= 0.00000035     drho= 0.00190
scf: 55  Etot=-19.12840331  dEtot=-0.00000023   deval= 0.00000028     drho= 0.00158
scf: 56  Etot=-19.12840346  dEtot=-0.00000015   deval= 0.00000022     drho= 0.00130
scf: 57  Etot=-19.12840361  dEtot=-0.00000015   deval= 0.00000018     drho= 0.00108
scf: 58  Etot=-19.12840370  dEtot=-0.00000009   deval= 0.00000014     drho= 0.00089
scf: 59  Etot=-19.12840380  dEtot=-0.00000010   deval= 0.00000011     drho= 0.00075
scf: 60  Etot=-19.12840386  dEtot=-0.00000006   deval= 0.00000009     drho= 0.00063



Start Self Consistent Field Calculation :
----------------------------------------------------------------------------------
scf:  1  Etot=-19.11324692  dEtot=-0.00668282   deval= 0.00004942     drho= 0.14259
scf:  2  Etot=-19.11500320  dEtot=-0.00175628   deval= 0.00286800     drho= 0.42227
scf:  3  Etot=-19.11514232  dEtot=-0.00013912   deval= 0.00003592     drho= 0.44061
scf:  4  Etot=-19.11470417  dEtot= 0.00043815   deval= 0.00018135     drho= 0.36841
scf:  5  Etot=-19.11411114  dEtot= 0.00059302   deval= 0.00019681     drho= 0.27781
scf:  6  Etot=-19.11359519  dEtot= 0.00051595   deval= 0.00016363     drho= 0.19782
scf:  7  Etot=-19.11318229  dEtot= 0.00041291   deval= 0.00011663     drho= 0.13579
scf:  8  Etot=-19.11289783  dEtot= 0.00028445   deval= 0.00007613     drho= 0.09221
scf:  9  Etot=-19.11271938  dEtot= 0.00017845   deval= 0.00004398     drho= 0.06447
scf: 10  Etot=-19.11260543  dEtot= 0.00011396   deval= 0.00002219     drho= 0.04582
scf: 11  Etot=-19.11254332  dEtot= 0.00006210   deval= 0.00000927     drho= 0.03415
scf: 12  Etot=-19.11251227  dEtot= 0.00003106   deval= 0.00000362     drho= 0.02571
scf: 13  Etot=-19.11249795  dEtot= 0.00001432   deval= 0.00000356     drho= 0.01966
scf: 14  Etot=-19.11249506  dEtot= 0.00000289   deval= 0.00000386     drho= 0.01522
scf: 15  Etot=-19.11249607  dEtot=-0.00000101   deval= 0.00000411     drho= 0.01199
scf: 16  Etot=-19.11249967  dEtot=-0.00000360   deval= 0.00000361     drho= 0.00964
scf: 17  Etot=-19.11250285  dEtot=-0.00000318   deval= 0.00000285     drho= 0.00787
scf: 18  Etot=-19.11250643  dEtot=-0.00000358   deval= 0.00000209     drho= 0.00642
scf: 19  Etot=-19.11250859  dEtot=-0.00000216   deval= 0.00000149     drho= 0.00525
scf: 20  Etot=-19.11251000  dEtot=-0.00000141   deval= 0.00000098     drho= 0.00430
scf: 21  Etot=-19.11251022  dEtot=-0.00000023   deval= 0.00000062     drho= 0.00354
scf: 22  Etot=-19.11251040  dEtot=-0.00000018   deval= 0.00000037     drho= 0.00290
scf: 23  Etot=-19.11251005  dEtot= 0.00000035   deval= 0.00000024     drho= 0.00238
scf: 24  Etot=-19.11250980  dEtot= 0.00000025   deval= 0.00000016     drho= 0.00195
scf: 25  Etot=-19.11250941  dEtot= 0.00000039   deval= 0.00000014     drho= 0.00160
scf: 26  Etot=-19.11250931  dEtot= 0.00000010   deval= 0.00000011     drho= 0.00130
scf: 27  Etot=-19.11250921  dEtot= 0.00000010   deval= 0.00000011     drho= 0.00106
scf: 28  Etot=-19.11250931  dEtot=-0.00000010   deval= 0.00000009     drho= 0.00086
SCF calculation converageed!


State and Eigenvalue             :
  state num      eigenvalue energy       occupation num
      1             -1.005255                1.0
      2             -0.557057                1.0
      3             -0.376804                1.0
      4             -0.376804                1.0
      5             -0.363914                1.0


E_kinectic  =   11.46300607 (Hatree)
E_xc        =   -4.60333018 (Hatree)
E_hf        =    0.00000000 (Hatree)
E_hatree    =   17.18647774 (Hatree)
E_loc       =  -47.30303695 (Hatree)
E_nloc      =    2.35335641 (Hatree)
E_pspcore   =    0.00038296 (Hatree)
E_NN        =    1.79063465 (Hatree)
E_total     =  -19.11250931 (Hatree)